<?xml version="1.0" encoding="UTF-8"?>
<!-- Generated by org.testng.reporters.JUnitReportReporter -->
<testsuite skipped="0" hostname="Shivapa-w7" name="com.cyb.Scroll.PageScroll.HorizontalScrollTest" tests="1" failures="0" timestamp="03 Apr 2018 07:52:44 GMT" time="7.187" errors="0">
  <testcase name="ScrollHorizontalTest" time="7.187" classname="com.cyb.Scroll.PageScroll.HorizontalScrollTest"/>
</testsuite> <!-- com.cyb.Scroll.PageScroll.HorizontalScrollTest -->
